<?xml version="1.0" encoding="UTF-8"?>
<!-- Generated by org.testng.reporters.JUnitReportReporter -->
<testsuite hostname="LTIN679140" failures="0" tests="1" name="test1.TestNg.Demo" time="0.011" errors="0" timestamp="2025-10-07T12:04:50 IST" skipped="0">
  <testcase classname="test1.TestNg.Demo" name="demo" time="0.011"/>
</testsuite> <!-- test1.TestNg.Demo -->
